{"level":"error","message":"[db] Database health check failed password authentication failed for user \"postgres\"","timestamp":"2026-06-28T09:29:48.218+05:45"}
{"level":"error","message":"[db] Database health check failed password authentication failed for user \"postgres\"","timestamp":"2026-06-28T09:55:59.862+05:45"}
{"level":"error","message":"[db] Database health check failed password authentication failed for user \"postgres\"","timestamp":"2026-06-28T09:57:46.692+05:45"}
{"level":"error","message":"[db] Database health check failed password authentication failed for user \"postgres\"","timestamp":"2026-06-28T11:05:25.177+05:45"}
{"level":"debug","message":"[db] New client connected to the pool","timestamp":"2026-06-28T11:20:50.191+05:45"}
{"level":"info","message":"[db] Connected to PostgreSQL — database: \"ticketmandu\", time: Sun Jun 28 2026 11:20:50 GMT+0545 (Nepal Time)","timestamp":"2026-06-28T11:20:50.196+05:45"}
{"level":"info","message":"[db] Database bootstrap complete","timestamp":"2026-06-28T11:20:50.205+05:45"}
{"level":"info","message":"[server] TicketMandu API running on http://localhost:5000","timestamp":"2026-06-28T11:20:50.209+05:45"}
{"level":"info","message":"[server] Environment: development","timestamp":"2026-06-28T11:20:50.209+05:45"}
{"level":"debug","message":"[db] New client connected to the pool","timestamp":"2026-06-28T11:52:26.942+05:45"}
{"level":"info","message":"[db] Connected to PostgreSQL — database: \"ticketmandu\", time: Sun Jun 28 2026 11:52:26 GMT+0545 (Nepal Time)","timestamp":"2026-06-28T11:52:26.947+05:45"}
{"level":"info","message":"[db] Database bootstrap complete","timestamp":"2026-06-28T11:52:26.959+05:45"}
{"level":"info","message":"[server] TicketMandu API running on http://localhost:5000","timestamp":"2026-06-28T11:52:26.962+05:45"}
{"level":"info","message":"[server] Environment: development","timestamp":"2026-06-28T11:52:26.962+05:45"}
{"level":"debug","message":"[db] New client connected to the pool","timestamp":"2026-06-28T11:52:38.925+05:45"}
{"level":"http","message":"POST /api/auth/register 201 572 - 169.724 ms","timestamp":"2026-06-28T11:52:39.033+05:45"}
{"level":"http","message":"GET /api/events/featured 200 712 - 6.407 ms","timestamp":"2026-06-28T11:52:40.403+05:45"}
{"level":"http","message":"POST /api/auth/refresh 401 66 - 4.000 ms","timestamp":"2026-06-28T11:52:57.784+05:45"}
{"level":"http","message":"POST /api/auth/login 200 581 - 100.541 ms","timestamp":"2026-06-28T11:52:58.084+05:45"}
{"level":"http","message":"GET /api/users/me 200 177 - 3.581 ms","timestamp":"2026-06-28T11:52:58.136+05:45"}
{"level":"http","message":"POST /api/auth/login 200 603 - 77.033 ms","timestamp":"2026-06-28T11:53:18.594+05:45"}
{"level":"http","message":"POST /api/tickets 201 180 - 8.375 ms","timestamp":"2026-06-28T11:53:18.647+05:45"}
{"ip":"::1","level":"error","message":"[error] Unhandled exception Cannot read properties of undefined (reading 'map')","method":"POST","stack":"TypeError: Cannot read properties of undefined (reading 'map')\n    at C:\\Users\\A S U S\\Documents\\GitHub\\Web-Individual\\Backend\\src\\middleware\\validate.middleware.js:21:28\n    at Layer.handleRequest (C:\\Users\\A S U S\\Documents\\GitHub\\Web-Individual\\Backend\\node_modules\\router\\lib\\layer.js:152:17)\n    at next (C:\\Users\\A S U S\\Documents\\GitHub\\Web-Individual\\Backend\\node_modules\\router\\lib\\route.js:157:13)\n    at C:\\Users\\A S U S\\Documents\\GitHub\\Web-Individual\\Backend\\node_modules\\express-rate-limit\\dist\\index.cjs:999:7\n    at process.processTicksAndRejections (node:internal/process/task_queues:104:5)\n    at async C:\\Users\\A S U S\\Documents\\GitHub\\Web-Individual\\Backend\\node_modules\\express-rate-limit\\dist\\index.cjs:854:5","timestamp":"2026-06-28T11:54:14.288+05:45","url":"/api/auth/register"}
{"level":"http","message":"POST /api/auth/register 500 75 - 2.921 ms","timestamp":"2026-06-28T11:54:14.289+05:45"}
{"level":"debug","message":"[db] New client connected to the pool","timestamp":"2026-06-28T11:54:36.170+05:45"}
{"level":"info","message":"[db] Connected to PostgreSQL — database: \"ticketmandu\", time: Sun Jun 28 2026 11:54:36 GMT+0545 (Nepal Time)","timestamp":"2026-06-28T11:54:36.175+05:45"}
{"level":"info","message":"[db] Database bootstrap complete","timestamp":"2026-06-28T11:54:36.182+05:45"}
{"level":"info","message":"[server] TicketMandu API running on http://localhost:8000","timestamp":"2026-06-28T11:54:36.184+05:45"}
{"level":"info","message":"[server] Environment: development","timestamp":"2026-06-28T11:54:36.185+05:45"}
{"level":"debug","message":"[db] New client connected to the pool","timestamp":"2026-06-28T11:54:37.290+05:45"}
{"level":"info","message":"[db] Connected to PostgreSQL — database: \"ticketmandu\", time: Sun Jun 28 2026 11:54:37 GMT+0545 (Nepal Time)","timestamp":"2026-06-28T11:54:37.295+05:45"}
{"level":"info","message":"[db] Database bootstrap complete","timestamp":"2026-06-28T11:54:37.303+05:45"}
{"level":"info","message":"[server] TicketMandu API running on http://localhost:8000","timestamp":"2026-06-28T11:54:37.306+05:45"}
{"level":"info","message":"[server] Environment: development","timestamp":"2026-06-28T11:54:37.307+05:45"}
{"level":"debug","message":"[db] New client connected to the pool","timestamp":"2026-06-28T11:54:38.936+05:45"}
{"level":"info","message":"[db] Connected to PostgreSQL — database: \"ticketmandu\", time: Sun Jun 28 2026 11:54:38 GMT+0545 (Nepal Time)","timestamp":"2026-06-28T11:54:38.940+05:45"}
{"level":"info","message":"[db] Database bootstrap complete","timestamp":"2026-06-28T11:54:38.948+05:45"}
{"level":"info","message":"[server] TicketMandu API running on http://localhost:8000","timestamp":"2026-06-28T11:54:38.950+05:45"}
{"level":"info","message":"[server] Environment: development","timestamp":"2026-06-28T11:54:38.950+05:45"}
{"level":"debug","message":"[db] New client connected to the pool","timestamp":"2026-06-28T11:54:40.192+05:45"}
{"level":"info","message":"[db] Connected to PostgreSQL — database: \"ticketmandu\", time: Sun Jun 28 2026 11:54:40 GMT+0545 (Nepal Time)","timestamp":"2026-06-28T11:54:40.196+05:45"}
{"level":"info","message":"[db] Database bootstrap complete","timestamp":"2026-06-28T11:54:40.205+05:45"}
{"level":"info","message":"[server] TicketMandu API running on http://localhost:8000","timestamp":"2026-06-28T11:54:40.207+05:45"}
{"level":"info","message":"[server] Environment: development","timestamp":"2026-06-28T11:54:40.207+05:45"}
{"level":"debug","message":"[db] New client connected to the pool","timestamp":"2026-06-28T11:54:47.266+05:45"}
{"level":"info","message":"[db] Connected to PostgreSQL — database: \"ticketmandu\", time: Sun Jun 28 2026 11:54:47 GMT+0545 (Nepal Time)","timestamp":"2026-06-28T11:54:47.270+05:45"}
{"level":"info","message":"[db] Database bootstrap complete","timestamp":"2026-06-28T11:54:47.277+05:45"}
{"level":"info","message":"[server] TicketMandu API running on http://localhost:8000","timestamp":"2026-06-28T11:54:47.280+05:45"}
{"level":"info","message":"[server] Environment: development","timestamp":"2026-06-28T11:54:47.281+05:45"}
{"level":"debug","message":"[db] New client connected to the pool","timestamp":"2026-06-28T11:54:52.766+05:45"}
{"level":"info","message":"[db] Connected to PostgreSQL — database: \"ticketmandu\", time: Sun Jun 28 2026 11:54:52 GMT+0545 (Nepal Time)","timestamp":"2026-06-28T11:54:52.770+05:45"}
{"level":"info","message":"[db] Database bootstrap complete","timestamp":"2026-06-28T11:54:52.777+05:45"}
{"level":"info","message":"[server] TicketMandu API running on http://localhost:8000","timestamp":"2026-06-28T11:54:52.779+05:45"}
{"level":"info","message":"[server] Environment: development","timestamp":"2026-06-28T11:54:52.779+05:45"}
{"level":"http","message":"POST /api/auth/register 201 568 - 116.741 ms","timestamp":"2026-06-28T11:55:07.510+05:45"}
{"level":"http","message":"POST /api/auth/refresh 200 424 - 6.824 ms","timestamp":"2026-06-28T11:55:07.566+05:45"}
{"level":"http","message":"POST /api/auth/register 422 440 - 2.049 ms","timestamp":"2026-06-28T11:55:07.576+05:45"}
{"level":"http","message":"POST /api/auth/login 200 603 - 79.144 ms","timestamp":"2026-06-28T11:55:08.029+05:45"}
{"level":"http","message":"GET /api/tickets 200 409 - 7.054 ms","timestamp":"2026-06-28T11:55:08.077+05:45"}
{"ip":"::1","level":"error","message":"[error] Unhandled exception Cannot set property query of #<IncomingMessage> which has only a getter","method":"GET","stack":"TypeError: Cannot set property query of #<IncomingMessage> which has only a getter\n    at C:\\Users\\A S U S\\Documents\\GitHub\\Web-Individual\\Backend\\src\\middleware\\validate.middleware.js:36:15\n    at Layer.handleRequest (C:\\Users\\A S U S\\Documents\\GitHub\\Web-Individual\\Backend\\node_modules\\router\\lib\\layer.js:152:17)\n    at next (C:\\Users\\A S U S\\Documents\\GitHub\\Web-Individual\\Backend\\node_modules\\router\\lib\\route.js:157:13)\n    at Route.dispatch (C:\\Users\\A S U S\\Documents\\GitHub\\Web-Individual\\Backend\\node_modules\\router\\lib\\route.js:117:3)\n    at handle (C:\\Users\\A S U S\\Documents\\GitHub\\Web-Individual\\Backend\\node_modules\\router\\index.js:435:11)\n    at Layer.handleRequest (C:\\Users\\A S U S\\Documents\\GitHub\\Web-Individual\\Backend\\node_modules\\router\\lib\\layer.js:152:17)\n    at C:\\Users\\A S U S\\Documents\\GitHub\\Web-Individual\\Backend\\node_modules\\router\\index.js:295:15\n    at processParams (C:\\Users\\A S U S\\Documents\\GitHub\\Web-Individual\\Backend\\node_modules\\router\\index.js:582:12)\n    at next (C:\\Users\\A S U S\\Documents\\GitHub\\Web-Individual\\Backend\\node_modules\\router\\index.js:291:5)\n    at router.handle (C:\\Users\\A S U S\\Documents\\GitHub\\Web-Individual\\Backend\\node_modules\\router\\index.js:186:3)","timestamp":"2026-06-28T11:55:08.087+05:45","url":"/api/events/search?q=taylor"}
{"level":"http","message":"GET /api/events/search?q=taylor 500 75 - 3.623 ms","timestamp":"2026-06-28T11:55:08.088+05:45"}
{"ip":"::1","level":"error","message":"[error] Unhandled exception Cannot set property query of #<IncomingMessage> which has only a getter","method":"GET","stack":"TypeError: Cannot set property query of #<IncomingMessage> which has only a getter\n    at C:\\Users\\A S U S\\Documents\\GitHub\\Web-Individual\\Backend\\src\\middleware\\validate.middleware.js:36:15\n    at Layer.handleRequest (C:\\Users\\A S U S\\Documents\\GitHub\\Web-Individual\\Backend\\node_modules\\router\\lib\\layer.js:152:17)\n    at next (C:\\Users\\A S U S\\Documents\\GitHub\\Web-Individual\\Backend\\node_modules\\router\\lib\\route.js:157:13)\n    at Route.dispatch (C:\\Users\\A S U S\\Documents\\GitHub\\Web-Individual\\Backend\\node_modules\\router\\lib\\route.js:117:3)\n    at handle (C:\\Users\\A S U S\\Documents\\GitHub\\Web-Individual\\Backend\\node_modules\\router\\index.js:435:11)\n    at Layer.handleRequest (C:\\Users\\A S U S\\Documents\\GitHub\\Web-Individual\\Backend\\node_modules\\router\\lib\\layer.js:152:17)\n    at C:\\Users\\A S U S\\Documents\\GitHub\\Web-Individual\\Backend\\node_modules\\router\\index.js:295:15\n    at processParams (C:\\Users\\A S U S\\Documents\\GitHub\\Web-Individual\\Backend\\node_modules\\router\\index.js:582:12)\n    at next (C:\\Users\\A S U S\\Documents\\GitHub\\Web-Individual\\Backend\\node_modules\\router\\index.js:291:5)\n    at router.handle (C:\\Users\\A S U S\\Documents\\GitHub\\Web-Individual\\Backend\\node_modules\\router\\index.js:186:3)","timestamp":"2026-06-28T11:55:26.523+05:45","url":"/api/events/search?q=taylor"}
{"level":"http","message":"GET /api/events/search?q=taylor 500 75 - 1.308 ms","timestamp":"2026-06-28T11:55:26.524+05:45"}
{"level":"debug","message":"[db] New client connected to the pool","timestamp":"2026-06-28T11:55:43.347+05:45"}
{"level":"info","message":"[db] Connected to PostgreSQL — database: \"ticketmandu\", time: Sun Jun 28 2026 11:55:43 GMT+0545 (Nepal Time)","timestamp":"2026-06-28T11:55:43.351+05:45"}
{"level":"info","message":"[db] Database bootstrap complete","timestamp":"2026-06-28T11:55:43.359+05:45"}
{"level":"info","message":"[server] TicketMandu API running on http://localhost:8000","timestamp":"2026-06-28T11:55:43.361+05:45"}
{"level":"info","message":"[server] Environment: development","timestamp":"2026-06-28T11:55:43.361+05:45"}
{"level":"debug","message":"[db] New client connected to the pool","timestamp":"2026-06-28T11:55:49.139+05:45"}
{"level":"info","message":"[db] Connected to PostgreSQL — database: \"ticketmandu\", time: Sun Jun 28 2026 11:55:49 GMT+0545 (Nepal Time)","timestamp":"2026-06-28T11:55:49.143+05:45"}
{"level":"info","message":"[db] Database bootstrap complete","timestamp":"2026-06-28T11:55:49.151+05:45"}
{"level":"info","message":"[server] TicketMandu API running on http://localhost:8000","timestamp":"2026-06-28T11:55:49.153+05:45"}
{"level":"info","message":"[server] Environment: development","timestamp":"2026-06-28T11:55:49.153+05:45"}
{"level":"http","message":"GET /api/events/search?q=taylor 200 359 - 13.677 ms","timestamp":"2026-06-28T11:56:11.477+05:45"}
{"level":"http","message":"POST /api/auth/login 200 603 - 103.677 ms","timestamp":"2026-06-28T11:56:11.636+05:45"}
{"level":"http","message":"GET /api/users/me 200 177 - 3.913 ms","timestamp":"2026-06-28T11:56:11.646+05:45"}
{"level":"http","message":"GET /api/tickets 200 409 - 5.567 ms","timestamp":"2026-06-28T11:56:11.655+05:45"}
{"level":"http","message":"POST /api/auth/refresh 200 428 - 5.995 ms","timestamp":"2026-06-28T11:56:11.663+05:45"}
{"level":"http","message":"POST /api/auth/logout 200 64 - 1.698 ms","timestamp":"2026-06-28T11:56:11.668+05:45"}
{"level":"info","message":"[server] Received SIGINT, shutting down gracefully","timestamp":"2026-06-28T12:01:16.208+05:45"}
{"level":"debug","message":"[db] New client connected to the pool","timestamp":"2026-06-28T12:01:28.738+05:45"}
{"level":"info","message":"[db] Connected to PostgreSQL — database: \"ticketmandu\", time: Sun Jun 28 2026 12:01:28 GMT+0545 (Nepal Time)","timestamp":"2026-06-28T12:01:28.743+05:45"}
{"level":"info","message":"[db] Database bootstrap complete","timestamp":"2026-06-28T12:01:28.751+05:45"}
{"level":"info","message":"[server] TicketMandu API running on http://localhost:8000","timestamp":"2026-06-28T12:01:28.754+05:45"}
{"level":"info","message":"[server] Environment: development","timestamp":"2026-06-28T12:01:28.754+05:45"}
{"level":"http","message":"POST /api/auth/register 422 169 - 12.640 ms","timestamp":"2026-06-28T12:09:17.421+05:45"}
{"level":"http","message":"POST /api/auth/register 422 169 - 1.299 ms","timestamp":"2026-06-28T12:21:51.189+05:45"}
{"level":"debug","message":"[db] New client connected to the pool","timestamp":"2026-07-09T14:48:04.209+05:45"}
{"level":"info","message":"[db] Connected to PostgreSQL — database: \"ticketmandu\", time: Thu Jul 09 2026 14:48:04 GMT+0545 (Nepal Time)","timestamp":"2026-07-09T14:48:04.215+05:45"}
{"level":"info","message":"[db] Database bootstrap complete","timestamp":"2026-07-09T14:48:04.235+05:45"}
{"level":"info","message":"[server] TicketMandu API running on http://localhost:8000","timestamp":"2026-07-09T14:48:04.240+05:45"}
{"level":"info","message":"[server] Environment: development","timestamp":"2026-07-09T14:48:04.240+05:45"}
{"level":"debug","message":"[db] New client connected to the pool","timestamp":"2026-07-09T14:48:53.412+05:45"}
{"level":"http","message":"POST /api/auth/login 401 84 - 72.841 ms","timestamp":"2026-07-09T14:48:53.423+05:45"}
{"level":"http","message":"POST /api/auth/login 401 84 - 2.457 ms","timestamp":"2026-07-09T14:48:57.131+05:45"}
{"level":"http","message":"POST /api/auth/login 401 84 - 2.014 ms","timestamp":"2026-07-09T14:49:04.195+05:45"}
{"level":"http","message":"POST /api/auth/login 401 84 - 1.673 ms","timestamp":"2026-07-09T14:49:11.635+05:45"}
{"level":"debug","message":"[db] New client connected to the pool","timestamp":"2026-07-09T14:50:51.406+05:45"}
{"level":"http","message":"POST /api/auth/register 201 563 - 137.878 ms","timestamp":"2026-07-09T14:50:51.511+05:45"}
{"level":"http","message":"GET /api/events/featured 200 712 - 7.875 ms","timestamp":"2026-07-09T14:50:51.603+05:45"}
{"level":"http","message":"GET /api/events/featured 304 - - 2.012 ms","timestamp":"2026-07-09T14:50:51.611+05:45"}
{"level":"debug","message":"[db] New client connected to the pool","timestamp":"2026-07-09T14:50:51.632+05:45"}
{"level":"http","message":"GET /api/events?limit=50 200 1234 - 42.776 ms","timestamp":"2026-07-09T14:50:51.639+05:45"}
{"level":"http","message":"GET /api/events?limit=50 304 - - 2.422 ms","timestamp":"2026-07-09T14:50:51.646+05:45"}
{"level":"http","message":"GET /api/events/search?category=sports&limit=50 200 572 - 5.672 ms","timestamp":"2026-07-09T14:51:03.812+05:45"}
{"level":"http","message":"GET /api/tickets 200 138 - 8.936 ms","timestamp":"2026-07-09T14:51:04.802+05:45"}
{"level":"http","message":"GET /api/tickets 304 - - 2.630 ms","timestamp":"2026-07-09T14:51:04.809+05:45"}
{"level":"http","message":"GET /api/events/featured 304 - - 1.906 ms","timestamp":"2026-07-09T14:51:06.465+05:45"}
{"level":"http","message":"GET /api/events?limit=50 304 - - 2.429 ms","timestamp":"2026-07-09T14:51:06.469+05:45"}
{"level":"http","message":"GET /api/events/featured 304 - - 1.107 ms","timestamp":"2026-07-09T14:51:06.471+05:45"}
{"level":"http","message":"GET /api/events?limit=50 304 - - 2.046 ms","timestamp":"2026-07-09T14:51:06.476+05:45"}
{"level":"http","message":"GET /api/events/1 200 275 - 2.075 ms","timestamp":"2026-07-09T14:51:18.047+05:45"}
{"level":"http","message":"GET /api/events/1 304 - - 1.247 ms","timestamp":"2026-07-09T14:51:18.052+05:45"}
{"level":"http","message":"GET /api/events/featured 304 - - 1.621 ms","timestamp":"2026-07-09T14:51:20.087+05:45"}
{"level":"http","message":"GET /api/events?limit=50 304 - - 3.064 ms","timestamp":"2026-07-09T14:51:20.089+05:45"}
{"level":"http","message":"GET /api/events/featured 304 - - 1.270 ms","timestamp":"2026-07-09T14:51:20.094+05:45"}
{"level":"http","message":"GET /api/events?limit=50 304 - - 2.227 ms","timestamp":"2026-07-09T14:51:20.097+05:45"}
{"level":"http","message":"POST /api/tickets 201 194 - 9.509 ms","timestamp":"2026-07-09T14:51:21.104+05:45"}
{"level":"http","message":"GET /api/tickets 200 423 - 2.801 ms","timestamp":"2026-07-09T14:51:28.224+05:45"}
{"level":"http","message":"GET /api/tickets 304 - - 2.028 ms","timestamp":"2026-07-09T14:51:28.230+05:45"}
{"level":"http","message":"GET /api/tickets/stats 200 139 - 1.475 ms","timestamp":"2026-07-09T14:51:52.163+05:45"}
{"level":"http","message":"GET /api/tickets/stats 304 - - 1.231 ms","timestamp":"2026-07-09T14:51:52.169+05:45"}
{"level":"debug","message":"[db] New client connected to the pool","timestamp":"2026-07-09T14:52:45.664+05:45"}
{"level":"debug","message":"[db] New client connected to the pool","timestamp":"2026-07-09T14:52:45.667+05:45"}
{"level":"http","message":"GET /api/events/featured 304 - - 37.340 ms","timestamp":"2026-07-09T14:52:45.671+05:45"}
{"level":"debug","message":"[db] New client connected to the pool","timestamp":"2026-07-09T14:52:45.672+05:45"}
{"level":"http","message":"POST /api/auth/logout 200 64 - 43.387 ms","timestamp":"2026-07-09T14:52:45.674+05:45"}
{"level":"http","message":"GET /api/events?limit=50 304 - - 43.706 ms","timestamp":"2026-07-09T14:52:45.678+05:45"}
{"level":"http","message":"GET /api/events/featured 304 - - 4.987 ms","timestamp":"2026-07-09T14:52:45.681+05:45"}
{"level":"http","message":"GET /api/events?limit=50 304 - - 1.930 ms","timestamp":"2026-07-09T14:52:45.685+05:45"}
{"level":"http","message":"POST /api/auth/login 200 572 - 76.809 ms","timestamp":"2026-07-09T14:52:48.413+05:45"}
{"level":"http","message":"GET /api/events/featured 304 - - 1.968 ms","timestamp":"2026-07-09T14:52:48.452+05:45"}
{"level":"http","message":"GET /api/events?limit=50 304 - - 3.143 ms","timestamp":"2026-07-09T14:52:48.454+05:45"}
{"level":"http","message":"GET /api/events/featured 304 - - 2.637 ms","timestamp":"2026-07-09T14:52:48.459+05:45"}
{"level":"http","message":"GET /api/events?limit=50 304 - - 2.018 ms","timestamp":"2026-07-09T14:52:48.462+05:45"}
{"level":"http","message":"GET /api/tickets/stats 304 - - 4.704 ms","timestamp":"2026-07-09T14:52:50.089+05:45"}
{"level":"http","message":"GET /api/tickets/stats 304 - - 1.303 ms","timestamp":"2026-07-09T14:52:50.093+05:45"}
{"level":"http","message":"GET /api/tickets 304 - - 2.439 ms","timestamp":"2026-07-09T14:52:53.992+05:45"}
{"level":"http","message":"GET /api/tickets 304 - - 2.559 ms","timestamp":"2026-07-09T14:52:53.999+05:45"}
{"level":"http","message":"GET /api/events/featured 304 - - 1.629 ms","timestamp":"2026-07-09T14:53:03.662+05:45"}
{"level":"http","message":"GET /api/events?limit=50 304 - - 2.351 ms","timestamp":"2026-07-09T14:53:03.663+05:45"}
{"level":"http","message":"GET /api/events/featured 304 - - 1.342 ms","timestamp":"2026-07-09T14:53:03.668+05:45"}
{"level":"http","message":"GET /api/events?limit=50 304 - - 1.940 ms","timestamp":"2026-07-09T14:53:03.671+05:45"}
{"level":"http","message":"GET /api/events/search?q=football&limit=50 200 138 - 3.615 ms","timestamp":"2026-07-09T14:53:16.275+05:45"}
{"level":"http","message":"GET /api/events/search?q=football&limit=50 304 - - 1.776 ms","timestamp":"2026-07-09T14:53:16.281+05:45"}
{"level":"http","message":"GET /api/events/search?limit=50 200 1234 - 1.489 ms","timestamp":"2026-07-09T14:53:19.102+05:45"}
{"level":"http","message":"GET /api/events/search?q=t&limit=50 200 1234 - 1.743 ms","timestamp":"2026-07-09T14:53:19.564+05:45"}
{"level":"http","message":"GET /api/events/search?q=ta&limit=50 200 799 - 1.747 ms","timestamp":"2026-07-09T14:53:19.786+05:45"}
{"level":"http","message":"GET /api/events/search?q=tay&limit=50 200 359 - 2.059 ms","timestamp":"2026-07-09T14:53:20.505+05:45"}
{"level":"http","message":"GET /api/events/search?q=tayl&limit=50 200 359 - 1.729 ms","timestamp":"2026-07-09T14:53:21.547+05:45"}
{"level":"http","message":"GET /api/events/search?q=taylo&limit=50 200 359 - 1.631 ms","timestamp":"2026-07-09T14:53:22.390+05:45"}
{"level":"http","message":"GET /api/events/search?q=taylor&limit=50 200 359 - 1.373 ms","timestamp":"2026-07-09T14:53:22.534+05:45"}
{"level":"http","message":"GET /api/events/search?limit=50 304 - - 1.543 ms","timestamp":"2026-07-09T14:53:25.805+05:45"}
{"level":"http","message":"GET /api/events/search?q=c&limit=50 200 1234 - 1.796 ms","timestamp":"2026-07-09T14:53:27.694+05:45"}
{"level":"http","message":"GET /api/events/search?q=co&limit=50 200 357 - 1.333 ms","timestamp":"2026-07-09T14:53:27.761+05:45"}
{"level":"http","message":"GET /api/events/search?q=col&limit=50 200 357 - 1.595 ms","timestamp":"2026-07-09T14:53:28.059+05:45"}
{"level":"http","message":"GET /api/events/search?q=cold&limit=50 200 357 - 1.631 ms","timestamp":"2026-07-09T14:53:28.492+05:45"}
{"level":"http","message":"GET /api/events/search?limit=50 304 - - 1.574 ms","timestamp":"2026-07-09T14:53:31.305+05:45"}
{"level":"http","message":"GET /api/events/search?q=p&limit=50 200 1012 - 1.722 ms","timestamp":"2026-07-09T14:53:31.558+05:45"}
{"level":"http","message":"GET /api/events/search?q=pl&limit=50 200 357 - 2.414 ms","timestamp":"2026-07-09T14:53:31.720+05:45"}
{"level":"http","message":"GET /api/events/search?q=pla&limit=50 200 357 - 1.355 ms","timestamp":"2026-07-09T14:53:31.937+05:45"}
{"level":"http","message":"GET /api/events/search?q=plat&limit=50 200 138 - 1.439 ms","timestamp":"2026-07-09T14:53:32.067+05:45"}
{"level":"http","message":"GET /api/events/search?limit=50 304 - - 1.293 ms","timestamp":"2026-07-09T14:53:32.803+05:45"}
{"level":"http","message":"GET /api/events/search?q=c&limit=50 304 - - 1.368 ms","timestamp":"2026-07-09T14:53:33.509+05:45"}
{"level":"http","message":"GET /api/events/search?q=co&limit=50 304 - - 1.883 ms","timestamp":"2026-07-09T14:53:33.637+05:45"}
{"level":"http","message":"GET /api/events/search?q=col&limit=50 304 - - 1.358 ms","timestamp":"2026-07-09T14:53:33.875+05:45"}
{"level":"http","message":"GET /api/events/search?q=cold&limit=50 304 - - 1.598 ms","timestamp":"2026-07-09T14:53:33.968+05:45"}
{"level":"http","message":"GET /api/events/search?limit=50 304 - - 1.381 ms","timestamp":"2026-07-09T14:53:35.386+05:45"}
{"level":"http","message":"GET /api/tickets 304 - - 5.289 ms","timestamp":"2026-07-09T14:53:39.209+05:45"}
{"level":"http","message":"GET /api/tickets 304 - - 2.393 ms","timestamp":"2026-07-09T14:53:39.215+05:45"}
{"level":"http","message":"GET /api/events/search?category=sports&limit=50 304 - - 1.688 ms","timestamp":"2026-07-09T14:53:48.410+05:45"}
{"level":"http","message":"GET /api/tickets 304 - - 2.583 ms","timestamp":"2026-07-09T14:53:49.486+05:45"}
{"level":"http","message":"GET /api/tickets 304 - - 1.729 ms","timestamp":"2026-07-09T14:53:49.491+05:45"}
